<?xml version="1.0" encoding="utf-8"?>
<?AutomationStudio Version="4.12.6.106"?>
<Objects>
  <Object
    Path="C:\Projects\Tension Control\Doctor\Logical\Package.pkg"
    LogicalPath=""
    Type="Package.ParentUnknown"
    LastWriteTime="133974678585976233" />
  <Object
    Path="C:\Projects\Tension Control\Doctor\Logical\Global.typ"
    LogicalPath="Global.typ"
    Type="File"
    LastWriteTime="133975704565269018"
    Private="false" />
  <Object
    Path="C:\Projects\Tension Control\Doctor\Logical\Global.var"
    LogicalPath="Global.var"
    Type="File"
    LastWriteTime="133975849297973197"
    Private="false" />
  <Object
    Path="C:\Projects\Tension Control\Doctor\Logical\Libraries\Package.pkg"
    LogicalPath="Libraries"
    Type="Package"
    LastWriteTime="133975837960423998" />
  <Object
    Path="C:\Projects\Tension Control\Doctor\Logical\Libraries\operator\Binary.lby"
    LogicalPath="Libraries.operator"
    Type="Library"
    LastWriteTime="133573205480000000" />
  <Object
    Path="C:\Projects\Tension Control\Doctor\Logical\Libraries\operator\operator.fun"
    LogicalPath="Libraries.operator.operator.fun"
    Type="File"
    LastWriteTime="133573205480000000"
    Private="false" />
  <Object
    Path="C:\Projects\Tension Control\Doctor\Logical\Libraries\operator\operator.typ"
    LogicalPath="Libraries.operator.operator.typ"
    Type="File"
    LastWriteTime="133573205480000000"
    Private="false" />
  <Object
    Path="C:\Projects\Tension Control\Doctor\Logical\Libraries\operator\operator.var"
    LogicalPath="Libraries.operator.operator.var"
    Type="File"
    LastWriteTime="133573205480000000"
    Private="false" />
  <Object
    Path="C:\Projects\Tension Control\Doctor\Logical\Libraries\runtime\Binary.lby"
    LogicalPath="Libraries.runtime"
    Type="Library"
    LastWriteTime="133573205480000000" />
  <Object
    Path="C:\Projects\Tension Control\Doctor\Logical\Libraries\runtime\runtime.fun"
    LogicalPath="Libraries.runtime.runtime.fun"
    Type="File"
    LastWriteTime="133573205480000000"
    Private="false" />
  <Object
    Path="C:\Projects\Tension Control\Doctor\Logical\Libraries\runtime\runtime.typ"
    LogicalPath="Libraries.runtime.runtime.typ"
    Type="File"
    LastWriteTime="133573205480000000"
    Private="false" />
  <Object
    Path="C:\Projects\Tension Control\Doctor\Logical\Libraries\runtime\runtime.var"
    LogicalPath="Libraries.runtime.runtime.var"
    Type="File"
    LastWriteTime="133573205480000000"
    Private="false" />
  <Object
    Path="C:\Projects\Tension Control\Doctor\Logical\Libraries\astime\Binary.lby"
    LogicalPath="Libraries.astime"
    Type="Library"
    LastWriteTime="133573205480000000" />
  <Object
    Path="C:\Projects\Tension Control\Doctor\Logical\Libraries\astime\astime.fun"
    LogicalPath="Libraries.astime.astime.fun"
    Type="File"
    LastWriteTime="133573205480000000"
    Private="false" />
  <Object
    Path="C:\Projects\Tension Control\Doctor\Logical\Libraries\astime\astime.typ"
    LogicalPath="Libraries.astime.astime.typ"
    Type="File"
    LastWriteTime="133573205480000000"
    Private="false" />
  <Object
    Path="C:\Projects\Tension Control\Doctor\Logical\Libraries\astime\astime.var"
    LogicalPath="Libraries.astime.astime.var"
    Type="File"
    LastWriteTime="133573205480000000"
    Private="false" />
  <Object
    Path="C:\Projects\Tension Control\Doctor\Logical\Libraries\AsIecCon\Binary.lby"
    LogicalPath="Libraries.AsIecCon"
    Type="Library"
    LastWriteTime="133573205480000000" />
  <Object
    Path="C:\Projects\Tension Control\Doctor\Logical\Libraries\AsIecCon\AsIecCon.fun"
    LogicalPath="Libraries.AsIecCon.AsIecCon.fun"
    Type="File"
    LastWriteTime="133573205480000000"
    Private="false" />
  <Object
    Path="C:\Projects\Tension Control\Doctor\Logical\Libraries\AsIecCon\AsIecCon.typ"
    LogicalPath="Libraries.AsIecCon.AsIecCon.typ"
    Type="File"
    LastWriteTime="133573205480000000"
    Private="false" />
  <Object
    Path="C:\Projects\Tension Control\Doctor\Logical\Libraries\AsIecCon\AsIecCon.var"
    LogicalPath="Libraries.AsIecCon.AsIecCon.var"
    Type="File"
    LastWriteTime="133573205480000000"
    Private="false" />
  <Object
    Path="C:\Projects\Tension Control\Doctor\Logical\Libraries\brsystem\Binary.lby"
    LogicalPath="Libraries.brsystem"
    Type="Library"
    LastWriteTime="133573205480000000" />
  <Object
    Path="C:\Projects\Tension Control\Doctor\Logical\Libraries\brsystem\brsystem.fun"
    LogicalPath="Libraries.brsystem.brsystem.fun"
    Type="File"
    LastWriteTime="133573205480000000"
    Private="false" />
  <Object
    Path="C:\Projects\Tension Control\Doctor\Logical\Libraries\brsystem\brsystem.typ"
    LogicalPath="Libraries.brsystem.brsystem.typ"
    Type="File"
    LastWriteTime="133573205480000000"
    Private="false" />
  <Object
    Path="C:\Projects\Tension Control\Doctor\Logical\Libraries\brsystem\brsystem.var"
    LogicalPath="Libraries.brsystem.brsystem.var"
    Type="File"
    LastWriteTime="133573205480000000"
    Private="false" />
  <Object
    Path="C:\Projects\Tension Control\Doctor\Logical\Libraries\sys_lib\Binary.lby"
    LogicalPath="Libraries.sys_lib"
    Type="Library"
    LastWriteTime="133573205480000000" />
  <Object
    Path="C:\Projects\Tension Control\Doctor\Logical\Libraries\sys_lib\sys_lib.fun"
    LogicalPath="Libraries.sys_lib.sys_lib.fun"
    Type="File"
    LastWriteTime="133573205480000000"
    Private="false" />
  <Object
    Path="C:\Projects\Tension Control\Doctor\Logical\Libraries\sys_lib\sys_lib.typ"
    LogicalPath="Libraries.sys_lib.sys_lib.typ"
    Type="File"
    LastWriteTime="133573205480000000"
    Private="false" />
  <Object
    Path="C:\Projects\Tension Control\Doctor\Logical\Libraries\sys_lib\sys_lib.var"
    LogicalPath="Libraries.sys_lib.sys_lib.var"
    Type="File"
    LastWriteTime="133573205480000000"
    Private="false" />
  <Object
    Path="C:\Projects\Tension Control\Doctor\Logical\Libraries\AsBrMath\Binary.lby"
    LogicalPath="Libraries.AsBrMath"
    Type="Library"
    LastWriteTime="133573205480000000" />
  <Object
    Path="C:\Projects\Tension Control\Doctor\Logical\Libraries\AsBrMath\AsBrMath.fun"
    LogicalPath="Libraries.AsBrMath.AsBrMath.fun"
    Type="File"
    LastWriteTime="133573205480000000"
    Private="false" />
  <Object
    Path="C:\Projects\Tension Control\Doctor\Logical\Libraries\AsBrMath\AsBrMath.typ"
    LogicalPath="Libraries.AsBrMath.AsBrMath.typ"
    Type="File"
    LastWriteTime="133573205480000000"
    Private="false" />
  <Object
    Path="C:\Projects\Tension Control\Doctor\Logical\Libraries\AsBrMath\AsBrMath.var"
    LogicalPath="Libraries.AsBrMath.AsBrMath.var"
    Type="File"
    LastWriteTime="133573205480000000"
    Private="false" />
  <Object
    Path="C:\Projects\Tension Control\Doctor\Logical\Libraries\LoopConR\Binary.lby"
    LogicalPath="Libraries.LoopConR"
    Type="Library"
    LastWriteTime="133871034880000000" />
  <Object
    Path="C:\Projects\Tension Control\Doctor\Logical\Libraries\LoopConR\LoopConR.var"
    LogicalPath="Libraries.LoopConR.LoopConR.var"
    Type="File"
    LastWriteTime="133871034880000000"
    Private="false" />
  <Object
    Path="C:\Projects\Tension Control\Doctor\Logical\Libraries\LoopConR\LoopConR.typ"
    LogicalPath="Libraries.LoopConR.LoopConR.typ"
    Type="File"
    LastWriteTime="133871034880000000"
    Private="false" />
  <Object
    Path="C:\Projects\Tension Control\Doctor\Logical\Libraries\LoopConR\LoopConR.fun"
    LogicalPath="Libraries.LoopConR.LoopConR.fun"
    Type="File"
    LastWriteTime="133871034880000000"
    Private="false" />
  <Object
    Path="C:\Projects\Tension Control\Doctor\Logical\Libraries\LoopCont\Binary.lby"
    LogicalPath="Libraries.LoopCont"
    Type="Library"
    LastWriteTime="133871034880000000" />
  <Object
    Path="C:\Projects\Tension Control\Doctor\Logical\Libraries\LoopCont\LoopCont.var"
    LogicalPath="Libraries.LoopCont.LoopCont.var"
    Type="File"
    LastWriteTime="133871034880000000"
    Private="false" />
  <Object
    Path="C:\Projects\Tension Control\Doctor\Logical\Libraries\LoopCont\LoopCont.typ"
    LogicalPath="Libraries.LoopCont.LoopCont.typ"
    Type="File"
    LastWriteTime="133871034880000000"
    Private="false" />
  <Object
    Path="C:\Projects\Tension Control\Doctor\Logical\Libraries\LoopCont\LoopCont.fun"
    LogicalPath="Libraries.LoopCont.LoopCont.fun"
    Type="File"
    LastWriteTime="133871034880000000"
    Private="false" />
  <Object
    Path="C:\Projects\Tension Control\Doctor\Logical\Libraries\Acp10_MC\binary.lby"
    LogicalPath="Libraries.Acp10_MC"
    Type="Library"
    LastWriteTime="133897143120000000" />
  <Object
    Path="C:\Projects\Tension Control\Doctor\Logical\Libraries\Acp10_MC\acp10_mc.fun"
    LogicalPath="Libraries.Acp10_MC.acp10_mc.fun"
    Type="File"
    LastWriteTime="133897143120000000"
    Private="false" />
  <Object
    Path="C:\Projects\Tension Control\Doctor\Logical\Libraries\Acp10_MC\acp10_mc.typ"
    LogicalPath="Libraries.Acp10_MC.acp10_mc.typ"
    Type="File"
    LastWriteTime="133897143120000000"
    Private="false" />
  <Object
    Path="C:\Projects\Tension Control\Doctor\Logical\Libraries\Acp10_MC\acp10_mc.var"
    LogicalPath="Libraries.Acp10_MC.acp10_mc.var"
    Type="File"
    LastWriteTime="133897143120000000"
    Private="false" />
  <Object
    Path="C:\Projects\Tension Control\Doctor\Logical\Libraries\Acp10man\Binary.lby"
    LogicalPath="Libraries.Acp10man"
    Type="Library"
    LastWriteTime="133897143120000000" />
  <Object
    Path="C:\Projects\Tension Control\Doctor\Logical\Libraries\Acp10man\Acp10man.typ"
    LogicalPath="Libraries.Acp10man.Acp10man.typ"
    Type="File"
    LastWriteTime="133897143120000000"
    Private="false" />
  <Object
    Path="C:\Projects\Tension Control\Doctor\Logical\Libraries\Acp10par\Binary.lby"
    LogicalPath="Libraries.Acp10par"
    Type="Library"
    LastWriteTime="133897143120000000" />
  <Object
    Path="C:\Projects\Tension Control\Doctor\Logical\Libraries\Acp10par\Acp10par.var"
    LogicalPath="Libraries.Acp10par.Acp10par.var"
    Type="File"
    LastWriteTime="133897143120000000"
    Private="false" />
  <Object
    Path="C:\Projects\Tension Control\Doctor\Logical\Libraries\NcGlobal\Binary.lby"
    LogicalPath="Libraries.NcGlobal"
    Type="Library"
    LastWriteTime="133897143120000000" />
  <Object
    Path="C:\Projects\Tension Control\Doctor\Logical\Libraries\NcGlobal\NcGlobal.fun"
    LogicalPath="Libraries.NcGlobal.NcGlobal.fun"
    Type="File"
    LastWriteTime="133897143120000000"
    Private="false" />
  <Object
    Path="C:\Projects\Tension Control\Doctor\Logical\Libraries\NcGlobal\NcGlobal.typ"
    LogicalPath="Libraries.NcGlobal.NcGlobal.typ"
    Type="File"
    LastWriteTime="133897143120000000"
    Private="false" />
  <Object
    Path="C:\Projects\Tension Control\Doctor\Logical\Libraries\NcGlobal\NcGlobal.var"
    LogicalPath="Libraries.NcGlobal.NcGlobal.var"
    Type="File"
    LastWriteTime="133897143120000000"
    Private="false" />
  <Object
    Path="C:\Projects\Tension Control\Doctor\Logical\Libraries\Acp10sim\binary.lby"
    LogicalPath="Libraries.Acp10sim"
    Type="Library"
    LastWriteTime="133897143160000000" />
  <Object
    Path="C:\Projects\Tension Control\Doctor\Logical\Libraries\Acp10sim\acp10sim.var"
    LogicalPath="Libraries.Acp10sim.acp10sim.var"
    Type="File"
    LastWriteTime="133897143160000000"
    Private="false" />
  <Object
    Path="C:\Projects\Tension Control\Doctor\Logical\Libraries\Acp10sim\acp10sim.typ"
    LogicalPath="Libraries.Acp10sim.acp10sim.typ"
    Type="File"
    LastWriteTime="133897143160000000"
    Private="false" />
  <Object
    Path="C:\Projects\Tension Control\Doctor\Logical\Libraries\asstring\binary.lby"
    LogicalPath="Libraries.asstring"
    Type="Library"
    LastWriteTime="133573205480000000" />
  <Object
    Path="C:\Projects\Tension Control\Doctor\Logical\Libraries\asstring\asstring.fun"
    LogicalPath="Libraries.asstring.asstring.fun"
    Type="File"
    LastWriteTime="133573205480000000"
    Private="false" />
  <Object
    Path="C:\Projects\Tension Control\Doctor\Logical\Libraries\asstring\asstring.typ"
    LogicalPath="Libraries.asstring.asstring.typ"
    Type="File"
    LastWriteTime="133573205480000000"
    Private="false" />
  <Object
    Path="C:\Projects\Tension Control\Doctor\Logical\Libraries\asstring\asstring.var"
    LogicalPath="Libraries.asstring.asstring.var"
    Type="File"
    LastWriteTime="133573205480000000"
    Private="false" />
  <Object
    Path="C:\Projects\Tension Control\Doctor\Logical\Libraries\standard\binary.lby"
    LogicalPath="Libraries.standard"
    Type="Library"
    LastWriteTime="133968785209513063" />
  <Object
    Path="C:\Projects\Tension Control\Doctor\Logical\Libraries\standard\standard.fun"
    LogicalPath="Libraries.standard.standard.fun"
    Type="File"
    LastWriteTime="133968785209465948"
    Private="false" />
  <Object
    Path="C:\Projects\Tension Control\Doctor\Logical\Libraries\standard\standard.typ"
    LogicalPath="Libraries.standard.standard.typ"
    Type="File"
    LastWriteTime="133968785209480413"
    Private="false" />
  <Object
    Path="C:\Projects\Tension Control\Doctor\Logical\Libraries\standard\standard.var"
    LogicalPath="Libraries.standard.standard.var"
    Type="File"
    LastWriteTime="133968785209503010"
    Private="false" />
  <Object
    Path="C:\Projects\Tension Control\Doctor\Logical\Libraries\vclib\Binary.lby"
    LogicalPath="Libraries.vclib"
    Type="Library"
    LastWriteTime="133968785213061841" />
  <Object
    Path="C:\Projects\Tension Control\Doctor\Logical\Libraries\vclib\VCLIB.typ"
    LogicalPath="Libraries.vclib.VCLIB.typ"
    Type="File"
    LastWriteTime="133968785213021594"
    Private="false" />
  <Object
    Path="C:\Projects\Tension Control\Doctor\Logical\Libraries\vclib\VCLIB.fun"
    LogicalPath="Libraries.vclib.VCLIB.fun"
    Type="File"
    LastWriteTime="133968785213031580"
    Private="false" />
  <Object
    Path="C:\Projects\Tension Control\Doctor\Logical\Libraries\vclib\VCLIB.var"
    LogicalPath="Libraries.vclib.VCLIB.var"
    Type="File"
    LastWriteTime="133968785213051671"
    Private="false" />
  <Object
    Path="C:\Projects\Tension Control\Doctor\Logical\Libraries\visapi\Binary.lby"
    LogicalPath="Libraries.visapi"
    Type="Library"
    LastWriteTime="133968785216648679" />
  <Object
    Path="C:\Projects\Tension Control\Doctor\Logical\Libraries\visapi\Visapi.typ"
    LogicalPath="Libraries.visapi.Visapi.typ"
    Type="File"
    LastWriteTime="133968785216579284"
    Private="false" />
  <Object
    Path="C:\Projects\Tension Control\Doctor\Logical\Libraries\visapi\Visapi.fun"
    LogicalPath="Libraries.visapi.Visapi.fun"
    Type="File"
    LastWriteTime="133968785216626496"
    Private="false" />
  <Object
    Path="C:\Projects\Tension Control\Doctor\Logical\Libraries\visapi\Visapi.var"
    LogicalPath="Libraries.visapi.Visapi.var"
    Type="File"
    LastWriteTime="133968785216636548"
    Private="false" />
  <Object
    Path="C:\Projects\Tension Control\Doctor\Logical\Libraries\AsEPL\binary.lby"
    LogicalPath="Libraries.AsEPL"
    Type="Library"
    LastWriteTime="133975837960343311" />
  <Object
    Path="C:\Projects\Tension Control\Doctor\Logical\Libraries\AsEPL\AsEPL.fun"
    LogicalPath="Libraries.AsEPL.AsEPL.fun"
    Type="File"
    LastWriteTime="133975837960221639"
    Private="false" />
  <Object
    Path="C:\Projects\Tension Control\Doctor\Logical\Libraries\AsEPL\AsEPL.typ"
    LogicalPath="Libraries.AsEPL.AsEPL.typ"
    Type="File"
    LastWriteTime="133975837960261562"
    Private="false" />
  <Object
    Path="C:\Projects\Tension Control\Doctor\Logical\Libraries\AsEPL\AsEPL.var"
    LogicalPath="Libraries.AsEPL.AsEPL.var"
    Type="File"
    LastWriteTime="133975837960291556"
    Private="false" />
  <Object
    Path="C:\Projects\Tension Control\Doctor\Logical\UnWindTC\IEC.prg"
    LogicalPath="UnWindTC"
    Type="Program"
    LastWriteTime="133873897540000000" />
  <Object
    Path="C:\Projects\Tension Control\Doctor\Logical\UnWindTC\Cyclic.st"
    LogicalPath="UnWindTC.Cyclic.st"
    Type="File"
    LastWriteTime="133873939920000000"
    Private="false" />
  <Object
    Path="C:\Projects\Tension Control\Doctor\Logical\UnWindTC\Init.st"
    LogicalPath="UnWindTC.Init.st"
    Type="File"
    LastWriteTime="133897242060000000"
    Private="false" />
  <Object
    Path="C:\Projects\Tension Control\Doctor\Logical\UnWindTC\Exit.st"
    LogicalPath="UnWindTC.Exit.st"
    Type="File"
    LastWriteTime="133873897540000000"
    Private="false" />
  <Object
    Path="C:\Projects\Tension Control\Doctor\Logical\UnWindTC\Types.typ"
    LogicalPath="UnWindTC.Types.typ"
    Type="File"
    LastWriteTime="133873897540000000"
    Private="true" />
  <Object
    Path="C:\Projects\Tension Control\Doctor\Logical\UnWindTC\Variables.var"
    LogicalPath="UnWindTC.Variables.var"
    Type="File"
    LastWriteTime="133891102160000000"
    Private="true" />
  <Object
    Path="C:\Projects\Tension Control\Doctor\Logical\HMI\IEC.prg"
    LogicalPath="HMI"
    Type="Program"
    LastWriteTime="133953091240000000" />
  <Object
    Path="C:\Projects\Tension Control\Doctor\Logical\HMI\Cyclic.st"
    LogicalPath="HMI.Cyclic.st"
    Type="File"
    LastWriteTime="133972051607195463"
    Private="false" />
  <Object
    Path="C:\Projects\Tension Control\Doctor\Logical\HMI\Init.st"
    LogicalPath="HMI.Init.st"
    Type="File"
    LastWriteTime="133970308629622240"
    Private="false" />
  <Object
    Path="C:\Projects\Tension Control\Doctor\Logical\HMI\Exit.st"
    LogicalPath="HMI.Exit.st"
    Type="File"
    LastWriteTime="133953091240000000"
    Private="false" />
  <Object
    Path="C:\Projects\Tension Control\Doctor\Logical\HMI\Types.typ"
    LogicalPath="HMI.Types.typ"
    Type="File"
    LastWriteTime="133953091240000000"
    Private="true" />
  <Object
    Path="C:\Projects\Tension Control\Doctor\Logical\HMI\Variables.var"
    LogicalPath="HMI.Variables.var"
    Type="File"
    LastWriteTime="133972994741326688"
    Private="true" />
  <Object
    Path="C:\Projects\Tension Control\Doctor\Logical\5Drive\Package.pkg"
    LogicalPath="5Drive"
    Type="Package"
    LastWriteTime="133953401410000000" />
  <Object
    Path="C:\Projects\Tension Control\Doctor\Logical\5Drive\HS_Inp\IEC.prg"
    LogicalPath="5Drive.HS_Inp"
    Type="Program"
    LastWriteTime="133953401410000000" />
  <Object
    Path="C:\Projects\Tension Control\Doctor\Logical\5Drive\HS_Inp\HS_Inp_Cyclic.st"
    LogicalPath="5Drive.HS_Inp.HS_Inp_Cyclic.st"
    Type="File"
    LastWriteTime="133953401410000000"
    Private="false" />
  <Object
    Path="C:\Projects\Tension Control\Doctor\Logical\5Drive\HS_Inp\HS_Inp_Init.st"
    LogicalPath="5Drive.HS_Inp.HS_Inp_Init.st"
    Type="File"
    LastWriteTime="133953401410000000"
    Private="false" />
  <Object
    Path="C:\Projects\Tension Control\Doctor\Logical\5Drive\HS_Inp\HS_Inp_Exit.st"
    LogicalPath="5Drive.HS_Inp.HS_Inp_Exit.st"
    Type="File"
    LastWriteTime="133953401410000000"
    Private="false" />
  <Object
    Path="C:\Projects\Tension Control\Doctor\Logical\5Drive\HS_Inp\Types.typ"
    LogicalPath="5Drive.HS_Inp.Types.typ"
    Type="File"
    LastWriteTime="133953401410000000"
    Private="true" />
  <Object
    Path="C:\Projects\Tension Control\Doctor\Logical\5Drive\HS_Inp\Variables.var"
    LogicalPath="5Drive.HS_Inp.Variables.var"
    Type="File"
    LastWriteTime="133953401410000000"
    Private="true" />
  <Object
    Path="C:\Projects\Tension Control\Doctor\Logical\Doctoring\Package.pkg"
    LogicalPath="Doctoring"
    Type="Package"
    LastWriteTime="133953401890000000" />
  <Object
    Path="C:\Projects\Tension Control\Doctor\Logical\Doctoring\HS_Inp_Doct\IEC.prg"
    LogicalPath="Doctoring.HS_Inp_Doct"
    Type="Program"
    LastWriteTime="133953402040000000" />
  <Object
    Path="C:\Projects\Tension Control\Doctor\Logical\Doctoring\HS_Inp_Doct\HS_Inp_Cyclic.st"
    LogicalPath="Doctoring.HS_Inp_Doct.HS_Inp_Cyclic.st"
    Type="File"
    LastWriteTime="133976555931216436"
    Private="false" />
  <Object
    Path="C:\Projects\Tension Control\Doctor\Logical\Doctoring\HS_Inp_Doct\HS_Inp_Init.st"
    LogicalPath="Doctoring.HS_Inp_Doct.HS_Inp_Init.st"
    Type="File"
    LastWriteTime="133967839325536654"
    Private="false" />
  <Object
    Path="C:\Projects\Tension Control\Doctor\Logical\Doctoring\HS_Inp_Doct\HS_Inp_Exit.st"
    LogicalPath="Doctoring.HS_Inp_Doct.HS_Inp_Exit.st"
    Type="File"
    LastWriteTime="133953401520000000"
    Private="false" />
  <Object
    Path="C:\Projects\Tension Control\Doctor\Logical\Doctoring\HS_Inp_Doct\Types.typ"
    LogicalPath="Doctoring.HS_Inp_Doct.Types.typ"
    Type="File"
    LastWriteTime="133953401520000000"
    Private="true" />
  <Object
    Path="C:\Projects\Tension Control\Doctor\Logical\Doctoring\HS_Inp_Doct\Variables.var"
    LogicalPath="Doctoring.HS_Inp_Doct.Variables.var"
    Type="File"
    LastWriteTime="133975694470861412"
    Private="true" />
  <Object
    Path="C:\Projects\Tension Control\Doctor\Logical\Vis\Vc.dob"
    LogicalPath="Vis"
    Type="DataObject"
    LastWriteTime="133964651526260617" />
  <Object
    Path="C:\Projects\Tension Control\Doctor\Logical\Vis\VCObject.vc"
    LogicalPath="Vis.VCObject.vc"
    Type="File"
    LastWriteTime="133964653314433015"
    Private="false" />
  <Object
    Path="C:\Projects\Tension Control\Doctor\Logical\Alarms\IEC.prg"
    LogicalPath="Alarms"
    Type="Program"
    LastWriteTime="133968777561177828" />
  <Object
    Path="C:\Projects\Tension Control\Doctor\Logical\Alarms\Cyclic.st"
    LogicalPath="Alarms.Cyclic.st"
    Type="File"
    LastWriteTime="133969583653615899"
    Private="false" />
  <Object
    Path="C:\Projects\Tension Control\Doctor\Logical\Alarms\Init.st"
    LogicalPath="Alarms.Init.st"
    Type="File"
    LastWriteTime="133969586548442574"
    Private="false" />
  <Object
    Path="C:\Projects\Tension Control\Doctor\Logical\Alarms\Exit.st"
    LogicalPath="Alarms.Exit.st"
    Type="File"
    LastWriteTime="133968777561122427"
    Private="false" />
  <Object
    Path="C:\Projects\Tension Control\Doctor\Logical\Alarms\Types.typ"
    LogicalPath="Alarms.Types.typ"
    Type="File"
    LastWriteTime="133968777561144052"
    Private="true" />
  <Object
    Path="C:\Projects\Tension Control\Doctor\Logical\Alarms\Variables.var"
    LogicalPath="Alarms.Variables.var"
    Type="File"
    LastWriteTime="133968791974158533"
    Private="true" />
  <Object
    Path="C:\Projects\Tension Control\Doctor\Logical\EPLCom\Package.pkg"
    LogicalPath="EPLCom"
    Type="Package"
    LastWriteTime="133974678958116775" />
  <Object
    Path="C:\Projects\Tension Control\Doctor\Logical\EPLCom\EPLCom\IEC.prg"
    LogicalPath="EPLCom.EPLCom"
    Type="Program"
    LastWriteTime="133974678823323649" />
  <Object
    Path="C:\Projects\Tension Control\Doctor\Logical\EPLCom\EPLCom\Cyclic.st"
    LogicalPath="EPLCom.EPLCom.Cyclic.st"
    Type="File"
    LastWriteTime="133975903811868293"
    Private="false" />
  <Object
    Path="C:\Projects\Tension Control\Doctor\Logical\EPLCom\EPLCom\Init.st"
    LogicalPath="EPLCom.EPLCom.Init.st"
    Type="File"
    LastWriteTime="133975903690814314"
    Private="false" />
  <Object
    Path="C:\Projects\Tension Control\Doctor\Logical\EPLCom\EPLCom\Exit.st"
    LogicalPath="EPLCom.EPLCom.Exit.st"
    Type="File"
    LastWriteTime="133974678823271651"
    Private="false" />
  <Object
    Path="C:\Projects\Tension Control\Doctor\Logical\EPLCom\EPLCom\Types.typ"
    LogicalPath="EPLCom.EPLCom.Types.typ"
    Type="File"
    LastWriteTime="133974678823291654"
    Private="true" />
  <Object
    Path="C:\Projects\Tension Control\Doctor\Logical\EPLCom\EPLCom\Variables.var"
    LogicalPath="EPLCom.EPLCom.Variables.var"
    Type="File"
    LastWriteTime="133975903909737748"
    Private="true" />
  <Object
    Path="C:\Projects\Tension Control\Doctor\Physical\5Drive\Config.pkg"
    LogicalPath="5Drive"
    Type="Configuration.ParentUnknown"
    LastWriteTime="133954815590000000" />
  <Object
    Path="C:\Projects\Tension Control\Doctor\Physical\5Drive\Hardware.hw"
    LogicalPath="5Drive.Hardware.hw"
    Type="File"
    LastWriteTime="133954815600000000"
    Private="false" />
  <Object
    Path="C:\Projects\Tension Control\Doctor\Physical\5Drive\Hardware.hwl"
    LogicalPath="5Drive.Hardware.hwl"
    Type="File"
    LastWriteTime="133954815960000000"
    Private="false" />
  <Object
    Path="C:\Projects\Tension Control\Doctor\Physical\5Drive\4PPC70_0702_20B\Cpu.pkg"
    LogicalPath="5Drive.4PPC70_0702_20B"
    Type="Cpu"
    LastWriteTime="133954815600000000" />
  <Object
    Path="C:\Projects\Tension Control\Doctor\Physical\5Drive\4PPC70_0702_20B\Cpu.sw"
    LogicalPath="5Drive.4PPC70_0702_20B.Cpu.sw"
    Type="File"
    LastWriteTime="133964653020561956"
    Private="false" />
  <Object
    Path="C:\Projects\Tension Control\Doctor\Physical\5Drive\4PPC70_0702_20B\Cpu.per"
    LogicalPath="5Drive.4PPC70_0702_20B.Cpu.per"
    Type="File"
    LastWriteTime="133954815570000000"
    Private="false" />
  <Object
    Path="C:\Projects\Tension Control\Doctor\Physical\5Drive\4PPC70_0702_20B\IoMap.iom"
    LogicalPath="5Drive.4PPC70_0702_20B.IoMap.iom"
    Type="File"
    LastWriteTime="133954815570000000"
    Private="false" />
  <Object
    Path="C:\Projects\Tension Control\Doctor\Physical\5Drive\4PPC70_0702_20B\PvMap.vvm"
    LogicalPath="5Drive.4PPC70_0702_20B.PvMap.vvm"
    Type="File"
    LastWriteTime="133954815570000000"
    Private="false" />
  <Object
    Path="C:\Projects\Tension Control\Doctor\Physical\5Drive\4PPC70_0702_20B\Connectivity\Package.pkg"
    LogicalPath="5Drive.4PPC70_0702_20B.Connectivity"
    Type="Package"
    LastWriteTime="133954815570000000" />
  <Object
    Path="C:\Projects\Tension Control\Doctor\Physical\5Drive\4PPC70_0702_20B\Connectivity\OpcUA\Package.pkg"
    LogicalPath="5Drive.4PPC70_0702_20B.Connectivity.OpcUA"
    Type="Package"
    LastWriteTime="133954815570000000" />
  <Object
    Path="C:\Projects\Tension Control\Doctor\Physical\5Drive\4PPC70_0702_20B\Connectivity\OpcUaFx\Package.pkg"
    LogicalPath="5Drive.4PPC70_0702_20B.Connectivity.OpcUaFx"
    Type="Package"
    LastWriteTime="133954815570000000" />
  <Object
    Path="C:\Projects\Tension Control\Doctor\Physical\5Drive\4PPC70_0702_20B\TextSystem\Package.pkg"
    LogicalPath="5Drive.4PPC70_0702_20B.TextSystem"
    Type="Package"
    LastWriteTime="133954815570000000" />
  <Object
    Path="C:\Projects\Tension Control\Doctor\Physical\5Drive\4PPC70_0702_20B\UnitSystem\Package.pkg"
    LogicalPath="5Drive.4PPC70_0702_20B.UnitSystem"
    Type="Package"
    LastWriteTime="133954815570000000" />
  <Object
    Path="C:\Projects\Tension Control\Doctor\Physical\5Drive\4PPC70_0702_20B\AccessAndSecurity\Package.pkg"
    LogicalPath="5Drive.4PPC70_0702_20B.AccessAndSecurity"
    Type="Package"
    LastWriteTime="133954815570000000" />
  <Object
    Path="C:\Projects\Tension Control\Doctor\Physical\5Drive\4PPC70_0702_20B\AccessAndSecurity\UserRoleSystem\Package.pkg"
    LogicalPath="5Drive.4PPC70_0702_20B.AccessAndSecurity.UserRoleSystem"
    Type="Package"
    LastWriteTime="133954815570000000" />
  <Object
    Path="C:\Projects\Tension Control\Doctor\Physical\5Drive\4PPC70_0702_20B\AccessAndSecurity\UserRoleSystem\Role.role"
    LogicalPath="5Drive.4PPC70_0702_20B.AccessAndSecurity.UserRoleSystem.Role.role"
    Type="File"
    LastWriteTime="133954815570000000"
    Private="false" />
  <Object
    Path="C:\Projects\Tension Control\Doctor\Physical\5Drive\4PPC70_0702_20B\AccessAndSecurity\UserRoleSystem\User.user"
    LogicalPath="5Drive.4PPC70_0702_20B.AccessAndSecurity.UserRoleSystem.User.user"
    Type="File"
    LastWriteTime="133954815570000000"
    Private="false" />
  <Object
    Path="C:\Projects\Tension Control\Doctor\Physical\5Drive\4PPC70_0702_20B\AccessAndSecurity\CertificateStore\Package.pkg"
    LogicalPath="5Drive.4PPC70_0702_20B.AccessAndSecurity.CertificateStore"
    Type="Package"
    LastWriteTime="133954815570000000" />
  <Object
    Path="C:\Projects\Tension Control\Doctor\Physical\5Drive\4PPC70_0702_20B\AccessAndSecurity\CertificateStore\OwnCertificates\Package.pkg"
    LogicalPath="5Drive.4PPC70_0702_20B.AccessAndSecurity.CertificateStore.OwnCertificates"
    Type="Package"
    LastWriteTime="133954815570000000" />
  <Object
    Path="C:\Projects\Tension Control\Doctor\Physical\5Drive\4PPC70_0702_20B\AccessAndSecurity\CertificateStore\OwnCertificates\Certificates\Package.pkg"
    LogicalPath="5Drive.4PPC70_0702_20B.AccessAndSecurity.CertificateStore.OwnCertificates.Certificates"
    Type="Package"
    LastWriteTime="133954815570000000" />
  <Object
    Path="C:\Projects\Tension Control\Doctor\Physical\5Drive\4PPC70_0702_20B\AccessAndSecurity\CertificateStore\OwnCertificates\PrivateKeys\Package.pkg"
    LogicalPath="5Drive.4PPC70_0702_20B.AccessAndSecurity.CertificateStore.OwnCertificates.PrivateKeys"
    Type="Package"
    LastWriteTime="133954815570000000" />
  <Object
    Path="C:\Projects\Tension Control\Doctor\Physical\5Drive\4PPC70_0702_20B\AccessAndSecurity\CertificateStore\ThirdPartyCertificates\Package.pkg"
    LogicalPath="5Drive.4PPC70_0702_20B.AccessAndSecurity.CertificateStore.ThirdPartyCertificates"
    Type="Package"
    LastWriteTime="133954815570000000" />
  <Object
    Path="C:\Projects\Tension Control\Doctor\Physical\5Drive\4PPC70_0702_20B\AccessAndSecurity\CertificateStore\ThirdPartyCertificates\SoftwareCertificates\Package.pkg"
    LogicalPath="5Drive.4PPC70_0702_20B.AccessAndSecurity.CertificateStore.ThirdPartyCertificates.SoftwareCertificates"
    Type="Package"
    LastWriteTime="133954815570000000" />
  <Object
    Path="C:\Projects\Tension Control\Doctor\Physical\5Drive\4PPC70_0702_20B\AccessAndSecurity\CertificateStore\CertificateRevocationLists\Package.pkg"
    LogicalPath="5Drive.4PPC70_0702_20B.AccessAndSecurity.CertificateStore.CertificateRevocationLists"
    Type="Package"
    LastWriteTime="133954815570000000" />
  <Object
    Path="C:\Projects\Tension Control\Doctor\Physical\5Drive\4PPC70_0702_20B\AccessAndSecurity\CertificateStore\CertificateSigningRequests\Package.pkg"
    LogicalPath="5Drive.4PPC70_0702_20B.AccessAndSecurity.CertificateStore.CertificateSigningRequests"
    Type="Package"
    LastWriteTime="133954815570000000" />
  <Object
    Path="C:\Projects\Tension Control\Doctor\Physical\5Drive\4PPC70_0702_20B\AccessAndSecurity\TransportLayerSecurity\Package.pkg"
    LogicalPath="5Drive.4PPC70_0702_20B.AccessAndSecurity.TransportLayerSecurity"
    Type="Package"
    LastWriteTime="133954815570000000" />
  <Object
    Path="C:\Projects\Tension Control\Doctor\Physical\5Drive\4PPC70_0702_20B\AccessAndSecurity\Firewall\Package.pkg"
    LogicalPath="5Drive.4PPC70_0702_20B.AccessAndSecurity.Firewall"
    Type="Package"
    LastWriteTime="133954815570000000" />
  <Object
    Path="C:\Projects\Tension Control\Doctor\Physical\5Drive\4PPC70_0702_20B\AccessAndSecurity\Firewall\Rules.firewallRules"
    LogicalPath="5Drive.4PPC70_0702_20B.AccessAndSecurity.Firewall.Rules.firewallRules"
    Type="File"
    LastWriteTime="133954815570000000"
    Private="false" />
  <Object
    Path="C:\Projects\Tension Control\Doctor\Physical\5Drive\4PPC70_0702_20B\mappControl\Package.pkg"
    LogicalPath="5Drive.4PPC70_0702_20B.mappControl"
    Type="Package"
    LastWriteTime="133954815570000000" />
  <Object
    Path="C:\Projects\Tension Control\Doctor\Physical\5Drive\4PPC70_0702_20B\mappMotion\Package.pkg"
    LogicalPath="5Drive.4PPC70_0702_20B.mappMotion"
    Type="Package"
    LastWriteTime="133954815570000000" />
  <Object
    Path="C:\Projects\Tension Control\Doctor\Physical\5Drive\4PPC70_0702_20B\mappServices\Package.pkg"
    LogicalPath="5Drive.4PPC70_0702_20B.mappServices"
    Type="Package"
    LastWriteTime="133954815570000000" />
  <Object
    Path="C:\Projects\Tension Control\Doctor\Physical\5Drive\4PPC70_0702_20B\mappSafety\Package.pkg"
    LogicalPath="5Drive.4PPC70_0702_20B.mappSafety"
    Type="Package"
    LastWriteTime="133954815570000000" />
  <Object
    Path="C:\Projects\Tension Control\Doctor\Physical\5Drive\4PPC70_0702_20B\mappSafety\SafeApplication\Package.pkg"
    LogicalPath="5Drive.4PPC70_0702_20B.mappSafety.SafeApplication"
    Type="Package"
    LastWriteTime="133954815570000000" />
  <Object
    Path="C:\Projects\Tension Control\Doctor\Physical\5Drive\4PPC70_0702_20B\mappSafety\SafeCommissioning\Package.pkg"
    LogicalPath="5Drive.4PPC70_0702_20B.mappSafety.SafeCommissioning"
    Type="Package"
    LastWriteTime="133954815570000000" />
  <Object
    Path="C:\Projects\Tension Control\Doctor\Physical\5Drive\4PPC70_0702_20B\mappView\Package.pkg"
    LogicalPath="5Drive.4PPC70_0702_20B.mappView"
    Type="Package"
    LastWriteTime="133954815570000000" />
  <Object
    Path="C:\Projects\Tension Control\Doctor\Physical\5Drive\4PPC70_0702_20B\mappVision\Package.pkg"
    LogicalPath="5Drive.4PPC70_0702_20B.mappVision"
    Type="Package"
    LastWriteTime="133954815570000000" />
  <Object
    Path="C:\Projects\Tension Control\Doctor\Physical\5Drive\4PPC70_0702_20B\mappCockpit\Package.pkg"
    LogicalPath="5Drive.4PPC70_0702_20B.mappCockpit"
    Type="Package"
    LastWriteTime="133954815570000000" />
  <Object
    Path="C:\Projects\Tension Control\Doctor\Physical\5Drive\4PPC70_0702_20B\VC\Package.pkg"
    LogicalPath="5Drive.4PPC70_0702_20B.VC"
    Type="Package"
    LastWriteTime="133954815600000000" />
  <Object
    Path="C:\Projects\Tension Control\Doctor\Physical\5Drive\4PPC70_0702_20B\VC\4PPC70_0702_20B.dis"
    LogicalPath="5Drive.4PPC70_0702_20B.VC.4PPC70_0702_20B.dis"
    Type="File"
    LastWriteTime="133954815600000000"
    Private="false" />
  <Object
    Path="C:\Projects\Tension Control\Doctor\Physical\5Drive\Hardware.jpg"
    LogicalPath="5Drive.Hardware.jpg"
    Type="File"
    LastWriteTime="133954815960000000"
    Private="false" />
</Objects>